"../../../../../Game Project/Bored Pixels Jam 8/Engine Files/Pistro/Content/2dSideScroller/Textures/2DBackgroundTile.uasset" 0
"../../../../../Game Project/Bored Pixels Jam 8/Engine Files/Pistro/Content/2DSideScroller/Materials/PrototypingSpriteMaterial.uasset" 1
"../../../../../Game Project/Bored Pixels Jam 8/Engine Files/Pistro/Content/2DSideScroller/Sprites/PrototypingSprite.uasset" 2
"../../../../../Game Project/Bored Pixels Jam 8/Engine Files/Pistro/Content/2DSideScrollerBP/2DSideScrollerOverview.uasset" 3
"../../../../../Game Project/Bored Pixels Jam 8/Engine Files/Pistro/Content/Assets/Textures/Sprites/Frog/Run__32x32_.uasset" 4
"../../../../../Game Project/Bored Pixels Jam 8/Engine Files/Pistro/Content/Assets/Textures/Sprites/Frog/FrogRun/Run__32x32__Sprite_9.uasset" 5
"../../../../../Game Project/Bored Pixels Jam 8/Engine Files/Pistro/Content/Assets/Textures/Sprites/Frog/FrogRun/Run__32x32__Sprite_8.uasset" 6
"../../../../../Game Project/Bored Pixels Jam 8/Engine Files/Pistro/Content/Assets/Textures/Sprites/Frog/FrogRun/Run__32x32__Sprite_7.uasset" 7
"../../../../../Game Project/Bored Pixels Jam 8/Engine Files/Pistro/Content/Assets/Textures/Sprites/Frog/FrogRun/Run__32x32__Sprite_6.uasset" 8
"../../../../../Game Project/Bored Pixels Jam 8/Engine Files/Pistro/Content/Assets/Textures/Sprites/Frog/FrogRun/Run__32x32__Sprite_5.uasset" 9
"../../../../../Game Project/Bored Pixels Jam 8/Engine Files/Pistro/Content/Assets/Textures/Sprites/Frog/FrogRun/Run__32x32__Sprite_4.uasset" 10
"../../../../../Game Project/Bored Pixels Jam 8/Engine Files/Pistro/Content/Assets/Textures/Sprites/Frog/FrogRun/Run__32x32__Sprite_3.uasset" 11
"../../../../../Game Project/Bored Pixels Jam 8/Engine Files/Pistro/Content/Assets/Textures/Sprites/Frog/FrogRun/Run__32x32__Sprite_2.uasset" 12
"../../../../../Game Project/Bored Pixels Jam 8/Engine Files/Pistro/Content/Assets/Textures/Sprites/Frog/FrogRun/Run__32x32__Sprite_11.uasset" 13
"../../../../../Game Project/Bored Pixels Jam 8/Engine Files/Pistro/Content/Assets/Textures/Sprites/Frog/FrogRun/Run__32x32__Sprite_10.uasset" 14
"../../../../../Game Project/Bored Pixels Jam 8/Engine Files/Pistro/Content/Assets/Textures/Sprites/Frog/FrogRun/Run__32x32__Sprite_1.uasset" 15
"../../../../../Game Project/Bored Pixels Jam 8/Engine Files/Pistro/Content/Assets/Textures/Sprites/Frog/FrogRun/Run__32x32__Sprite_0.uasset" 16
"../../../../../Game Project/Bored Pixels Jam 8/Engine Files/Pistro/Content/Assets/Textures/Flipbooks/Frog/FB_Run.uasset" 17
"../../../../../Game Project/Bored Pixels Jam 8/Engine Files/Pistro/Content/Assets/Textures/Sprites/Frog/Jump__32x32_.uasset" 18
"../../../../../Game Project/Bored Pixels Jam 8/Engine Files/Pistro/Content/Assets/Textures/Sprites/Frog/FrogJump/Jump__32x32__Sprite_0.uasset" 19
"../../../../../Game Project/Bored Pixels Jam 8/Engine Files/Pistro/Content/Assets/Textures/Flipbooks/Frog/FB_Jump.uasset" 20
"../../../../../Game Project/Bored Pixels Jam 8/Engine Files/Pistro/Content/Assets/Textures/Sprites/Frog/Idle__32x32_.uasset" 21
"../../../../../Game Project/Bored Pixels Jam 8/Engine Files/Pistro/Content/Assets/Textures/Sprites/Frog/FrogIdle/Idle__32x32__Sprite_9.uasset" 22
"../../../../../Game Project/Bored Pixels Jam 8/Engine Files/Pistro/Content/Assets/Textures/Sprites/Frog/FrogIdle/Idle__32x32__Sprite_8.uasset" 23
"../../../../../Game Project/Bored Pixels Jam 8/Engine Files/Pistro/Content/Assets/Textures/Sprites/Frog/FrogIdle/Idle__32x32__Sprite_7.uasset" 24
"../../../../../Game Project/Bored Pixels Jam 8/Engine Files/Pistro/Content/Assets/Textures/Sprites/Frog/FrogIdle/Idle__32x32__Sprite_6.uasset" 25
"../../../../../Game Project/Bored Pixels Jam 8/Engine Files/Pistro/Content/Assets/Textures/Sprites/Frog/FrogIdle/Idle__32x32__Sprite_5.uasset" 26
"../../../../../Game Project/Bored Pixels Jam 8/Engine Files/Pistro/Content/Assets/Textures/Sprites/Frog/FrogIdle/Idle__32x32__Sprite_4.uasset" 27
"../../../../../Game Project/Bored Pixels Jam 8/Engine Files/Pistro/Content/Assets/Textures/Sprites/Frog/FrogIdle/Idle__32x32__Sprite_3.uasset" 28
"../../../../../Game Project/Bored Pixels Jam 8/Engine Files/Pistro/Content/Assets/Textures/Sprites/Frog/FrogIdle/Idle__32x32__Sprite_2.uasset" 29
"../../../../../Game Project/Bored Pixels Jam 8/Engine Files/Pistro/Content/Assets/Textures/Sprites/Frog/FrogIdle/Idle__32x32__Sprite_10.uasset" 30
"../../../../../Game Project/Bored Pixels Jam 8/Engine Files/Pistro/Content/Assets/Textures/Sprites/Frog/FrogIdle/Idle__32x32__Sprite_1.uasset" 31
"../../../../../Game Project/Bored Pixels Jam 8/Engine Files/Pistro/Content/Assets/Textures/Sprites/Frog/FrogIdle/Idle__32x32__Sprite_0.uasset" 32
"../../../../../Game Project/Bored Pixels Jam 8/Engine Files/Pistro/Content/Assets/Textures/Flipbooks/Frog/FB_Idle.uasset" 33
"../../../../../Game Project/Bored Pixels Jam 8/Engine Files/Pistro/Content/Assets/Textures/Sprites/Frog/Fall__32x32_.uasset" 34
"../../../../../Game Project/Bored Pixels Jam 8/Engine Files/Pistro/Content/Assets/Textures/Sprites/Frog/FrogJump/Fall__32x32__Sprite_0.uasset" 35
"../../../../../Game Project/Bored Pixels Jam 8/Engine Files/Pistro/Content/Assets/Textures/Flipbooks/Frog/FB_Fall.uasset" 36
"../../../Engine/Content/EditorBlueprintResources/StandardMacros.uasset" 37
"../../../../../Game Project/Bored Pixels Jam 8/Engine Files/Pistro/Content/Assets/Blueprints/BP_FrogChar.uasset" 38
"../../../../../Game Project/Bored Pixels Jam 8/Engine Files/Pistro/Content/Assets/Textures/Sprites/Man/run-8.uasset" 39
"../../../../../Game Project/Bored Pixels Jam 8/Engine Files/Pistro/Content/Assets/Textures/Sprites/Man/Run/run-8_Sprite.uasset" 40
"../../../../../Game Project/Bored Pixels Jam 8/Engine Files/Pistro/Content/Assets/Textures/Sprites/Man/run-7.uasset" 41
"../../../../../Game Project/Bored Pixels Jam 8/Engine Files/Pistro/Content/Assets/Textures/Sprites/Man/Run/run-7_Sprite.uasset" 42
"../../../../../Game Project/Bored Pixels Jam 8/Engine Files/Pistro/Content/Assets/Textures/Sprites/Man/run-6.uasset" 43
"../../../../../Game Project/Bored Pixels Jam 8/Engine Files/Pistro/Content/Assets/Textures/Sprites/Man/Run/run-6_Sprite.uasset" 44
"../../../../../Game Project/Bored Pixels Jam 8/Engine Files/Pistro/Content/Assets/Textures/Sprites/Man/run-5.uasset" 45
"../../../../../Game Project/Bored Pixels Jam 8/Engine Files/Pistro/Content/Assets/Textures/Sprites/Man/Run/run-5_Sprite.uasset" 46
"../../../../../Game Project/Bored Pixels Jam 8/Engine Files/Pistro/Content/Assets/Textures/Sprites/Man/run-4.uasset" 47
"../../../../../Game Project/Bored Pixels Jam 8/Engine Files/Pistro/Content/Assets/Textures/Sprites/Man/Run/run-4_Sprite.uasset" 48
"../../../../../Game Project/Bored Pixels Jam 8/Engine Files/Pistro/Content/Assets/Textures/Sprites/Man/run-3.uasset" 49
"../../../../../Game Project/Bored Pixels Jam 8/Engine Files/Pistro/Content/Assets/Textures/Sprites/Man/Run/run-3_Sprite.uasset" 50
"../../../../../Game Project/Bored Pixels Jam 8/Engine Files/Pistro/Content/Assets/Textures/Sprites/Man/run-2.uasset" 51
"../../../../../Game Project/Bored Pixels Jam 8/Engine Files/Pistro/Content/Assets/Textures/Sprites/Man/Run/run-2_Sprite.uasset" 52
"../../../../../Game Project/Bored Pixels Jam 8/Engine Files/Pistro/Content/Assets/Textures/Sprites/Man/run-1.uasset" 53
"../../../../../Game Project/Bored Pixels Jam 8/Engine Files/Pistro/Content/Assets/Textures/Sprites/Man/Run/run-1_Sprite.uasset" 54
"../../../../../Game Project/Bored Pixels Jam 8/Engine Files/Pistro/Content/Assets/Textures/Flipbooks/Man/FL_ManRun.uasset" 55
"../../../../../Game Project/Bored Pixels Jam 8/Engine Files/Pistro/Content/Assets/Textures/Sprites/Man/landing.uasset" 56
"../../../../../Game Project/Bored Pixels Jam 8/Engine Files/Pistro/Content/Assets/Textures/Sprites/Man/Jump/land_sprite.uasset" 57
"../../../../../Game Project/Bored Pixels Jam 8/Engine Files/Pistro/Content/Assets/Textures/Flipbooks/Man/FL_ManLand.uasset" 58
"../../../../../Game Project/Bored Pixels Jam 8/Engine Files/Pistro/Content/Assets/Textures/Sprites/Man/jump.uasset" 59
"../../../../../Game Project/Bored Pixels Jam 8/Engine Files/Pistro/Content/Assets/Textures/Sprites/Man/Jump/jump_Sprite.uasset" 60
"../../../../../Game Project/Bored Pixels Jam 8/Engine Files/Pistro/Content/Assets/Textures/Flipbooks/Man/FL_ManJump.uasset" 61
"../../../../../Game Project/Bored Pixels Jam 8/Engine Files/Pistro/Content/Assets/Sounds/Laser_Gun_Sound_Effect.uasset" 62
"../../../../../Game Project/Bored Pixels Jam 8/Engine Files/Pistro/Content/Assets/Textures/Sprites/Bullet/Bullet3.uasset" 63
"../../Plugins/2D/Paper2D/Content/PlaceholderTextures/DummySpriteTexture.uasset" 64
"../../Plugins/2D/Paper2D/Content/DefaultSpriteMaterial.uasset" 65
"../../Plugins/2D/Paper2D/Content/TranslucentUnlitSpriteMaterial.uasset" 66
"../../../../../Game Project/Bored Pixels Jam 8/Engine Files/Pistro/Content/Assets/Textures/Sprites/Bullet/Bullet3_Sprite.uasset" 67
"../../../../../Game Project/Bored Pixels Jam 8/Engine Files/Pistro/Content/Assets/Textures/Sprites/Bullet/Bullet2.uasset" 68
"../../../../../Game Project/Bored Pixels Jam 8/Engine Files/Pistro/Content/Assets/Textures/Sprites/Bullet/Bullet2_Sprite.uasset" 69
"../../../../../Game Project/Bored Pixels Jam 8/Engine Files/Pistro/Content/Assets/Textures/Flipbooks/FL_Bullet.uasset" 70
"../../../../../Game Project/Bored Pixels Jam 8/Engine Files/Pistro/Content/Assets/Blueprints/BP_Bullet.uasset" 71
"../../../../../Game Project/Bored Pixels Jam 8/Engine Files/Pistro/Content/Assets/Textures/Sprites/Man/idle-9.uasset" 72
"../../../../../Game Project/Bored Pixels Jam 8/Engine Files/Pistro/Content/Assets/Textures/Sprites/Man/Idle/idle-9_Sprite.uasset" 73
"../../../../../Game Project/Bored Pixels Jam 8/Engine Files/Pistro/Content/Assets/Textures/Sprites/Man/idle-8.uasset" 74
"../../../../../Game Project/Bored Pixels Jam 8/Engine Files/Pistro/Content/Assets/Textures/Sprites/Man/Idle/idle-8_Sprite.uasset" 75
"../../../../../Game Project/Bored Pixels Jam 8/Engine Files/Pistro/Content/Assets/Textures/Sprites/Man/idle-7.uasset" 76
"../../../../../Game Project/Bored Pixels Jam 8/Engine Files/Pistro/Content/Assets/Textures/Sprites/Man/Idle/idle-7_Sprite.uasset" 77
"../../../../../Game Project/Bored Pixels Jam 8/Engine Files/Pistro/Content/Assets/Textures/Sprites/Man/idle-6.uasset" 78
"../../../../../Game Project/Bored Pixels Jam 8/Engine Files/Pistro/Content/Assets/Textures/Sprites/Man/Idle/idle-6_Sprite.uasset" 79
"../../../../../Game Project/Bored Pixels Jam 8/Engine Files/Pistro/Content/Assets/Textures/Sprites/Man/idle-5.uasset" 80
"../../../../../Game Project/Bored Pixels Jam 8/Engine Files/Pistro/Content/Assets/Textures/Sprites/Man/Idle/idle-5_Sprite.uasset" 81
"../../../../../Game Project/Bored Pixels Jam 8/Engine Files/Pistro/Content/Assets/Textures/Sprites/Man/idle-4.uasset" 82
"../../../../../Game Project/Bored Pixels Jam 8/Engine Files/Pistro/Content/Assets/Textures/Sprites/Man/Idle/idle-4_Sprite.uasset" 83
"../../../../../Game Project/Bored Pixels Jam 8/Engine Files/Pistro/Content/Assets/Textures/Sprites/Man/idle-3.uasset" 84
"../../../../../Game Project/Bored Pixels Jam 8/Engine Files/Pistro/Content/Assets/Textures/Sprites/Man/Idle/idle-3_Sprite.uasset" 85
"../../../../../Game Project/Bored Pixels Jam 8/Engine Files/Pistro/Content/Assets/Textures/Sprites/Man/idle-2.uasset" 86
"../../../../../Game Project/Bored Pixels Jam 8/Engine Files/Pistro/Content/Assets/Textures/Sprites/Man/Idle/idle-2_Sprite.uasset" 87
"../../../../../Game Project/Bored Pixels Jam 8/Engine Files/Pistro/Content/Assets/Textures/Sprites/Man/idle-1.uasset" 88
"../../../../../Game Project/Bored Pixels Jam 8/Engine Files/Pistro/Content/Assets/Textures/Sprites/Man/Idle/idle-1_Sprite.uasset" 89
"../../../../../Game Project/Bored Pixels Jam 8/Engine Files/Pistro/Content/Assets/Textures/Sprites/Man/idle-12.uasset" 90
"../../../../../Game Project/Bored Pixels Jam 8/Engine Files/Pistro/Content/Assets/Textures/Sprites/Man/Idle/idle-12_Sprite.uasset" 91
"../../../../../Game Project/Bored Pixels Jam 8/Engine Files/Pistro/Content/Assets/Textures/Sprites/Man/idle-11.uasset" 92
"../../../../../Game Project/Bored Pixels Jam 8/Engine Files/Pistro/Content/Assets/Textures/Sprites/Man/Idle/idle-11_Sprite.uasset" 93
"../../../../../Game Project/Bored Pixels Jam 8/Engine Files/Pistro/Content/Assets/Textures/Sprites/Man/idle-10.uasset" 94
"../../../../../Game Project/Bored Pixels Jam 8/Engine Files/Pistro/Content/Assets/Textures/Sprites/Man/Idle/idle-10_Sprite.uasset" 95
"../../../../../Game Project/Bored Pixels Jam 8/Engine Files/Pistro/Content/Assets/Textures/Flipbooks/Man/FL_ManIdle.uasset" 96
"../../../../../Game Project/Bored Pixels Jam 8/Engine Files/Pistro/Content/Assets/Blueprints/BP_ManChar.uasset" 97
"../../../../../Game Project/Bored Pixels Jam 8/Engine Files/Pistro/Content/Assets/Blueprints/BP_MainGameMode.uasset" 98
"../../../../../Game Project/Bored Pixels Jam 8/Engine Files/Pistro/Content/Widgets/PauseButton/Pause_Button_Hovered.uasset" 99
"../../../../../Game Project/Bored Pixels Jam 8/Engine Files/Pistro/Content/Widgets/PauseButton/Pause_Button.uasset" 100
"../../../../../Game Project/Bored Pixels Jam 8/Engine Files/Pistro/Content/Widgets/RestartLevel/Restart_Level_Hovered.uasset" 101
"../../../../../Game Project/Bored Pixels Jam 8/Engine Files/Pistro/Content/Widgets/RestartLevel/Restart_Level.uasset" 102
"../../../../../Game Project/Bored Pixels Jam 8/Engine Files/Pistro/Content/Widgets/White_Cross.uasset" 103
"../../../../../Game Project/Bored Pixels Jam 8/Engine Files/Pistro/Content/Widgets/MainHud/BP_RestartHud_5.uasset" 104
"../../../../../Game Project/Bored Pixels Jam 8/Engine Files/Pistro/Content/Widgets/MainHud/BP_MainHud_5.uasset" 105
"../../../../../Game Project/Bored Pixels Jam 8/Engine Files/Pistro/Content/Assets/Blueprints/BP_MainHud_5.uasset" 106
"../../../../../Game Project/Bored Pixels Jam 8/Engine Files/Pistro/Content/Assets/Blueprints/BP_MainHud.uasset" 107
"../../../../../Game Project/Bored Pixels Jam 8/Engine Files/Pistro/Content/Widgets/MainHud/BP_RestartHud_3.uasset" 108
"../../../../../Game Project/Bored Pixels Jam 8/Engine Files/Pistro/Content/Widgets/MainHud/BP_MainHud_3.uasset" 109
"../../../../../Game Project/Bored Pixels Jam 8/Engine Files/Pistro/Content/Assets/Blueprints/BP_MainHud_3.uasset" 110
"../../../../../Game Project/Bored Pixels Jam 8/Engine Files/Pistro/Content/Widgets/MainHud/BP_RestartHud_4.uasset" 111
"../../../../../Game Project/Bored Pixels Jam 8/Engine Files/Pistro/Content/Widgets/MainHud/BP_MainHud_4.uasset" 112
"../../../../../Game Project/Bored Pixels Jam 8/Engine Files/Pistro/Content/Assets/Blueprints/BP_MainHud_4.uasset" 113
"../../../../../Game Project/Bored Pixels Jam 8/Engine Files/Pistro/Content/Assets/Blueprints/BP_Robot.uasset" 114
"../../../../../Game Project/Bored Pixels Jam 8/Engine Files/Pistro/Content/Widgets/Screenshots/Screenshot5.uasset" 115
"../../../../../Game Project/Bored Pixels Jam 8/Engine Files/Pistro/Content/Widgets/Screenshots/Screenshot4.uasset" 116
"../../../../../Game Project/Bored Pixels Jam 8/Engine Files/Pistro/Content/Widgets/Screenshots/Screenshot3.uasset" 117
"../../../../../Game Project/Bored Pixels Jam 8/Engine Files/Pistro/Content/Widgets/Screenshots/Screenshot2.uasset" 118
"../../../../../Game Project/Bored Pixels Jam 8/Engine Files/Pistro/Content/Widgets/Screenshots/Screenshot.uasset" 119
"../../../../../Game Project/Bored Pixels Jam 8/Engine Files/Pistro/Content/Widgets/ConvoBubble.uasset" 120
"../../../../../Game Project/Bored Pixels Jam 8/Engine Files/Pistro/Content/Widgets/Font/Pixel_Font.uasset" 121
"../../../../../Game Project/Bored Pixels Jam 8/Engine Files/Pistro/Content/Widgets/Font/Pixel_Font_Font.uasset" 122
"../../../../../Game Project/Bored Pixels Jam 8/Engine Files/Pistro/Content/Assets/Textures/Sprites/Allan/Allan.uasset" 123
"../../../../../Game Project/Bored Pixels Jam 8/Engine Files/Pistro/Content/Assets/Textures/Sprites/Allan/Idle/Allan_Sprite_3.uasset" 124
"../../../../../Game Project/Bored Pixels Jam 8/Engine Files/Pistro/Content/Widgets/BP_FadeOut.uasset" 125
"../../../../../Game Project/Bored Pixels Jam 8/Engine Files/Pistro/Content/Widgets/BP_Describe1.uasset" 126
"../../../../../Game Project/Bored Pixels Jam 8/Engine Files/Pistro/Content/Assets/Blueprints/Level2_WidgetActorBP.uasset" 127
"../../../../../Game Project/Bored Pixels Jam 8/Engine Files/Pistro/Content/Assets/Blueprints/Level1_WidgetActorBP.uasset" 128
"../../../../../Game Project/Bored Pixels Jam 8/Engine Files/Pistro/Content/Assets/Textures/Flipbooks/FB_Idle.uasset" 129
"../../../../../Game Project/Bored Pixels Jam 8/Engine Files/Pistro/Content/Assets/Textures/Flipbooks/FB_FrogIdle.uasset" 130
"../../../../../Game Project/Bored Pixels Jam 8/Engine Files/Pistro/Content/Assets/Textures/Sprites/Adventurer/AdIdle.uasset" 131
"../../../../../Game Project/Bored Pixels Jam 8/Engine Files/Pistro/Content/Assets/Textures/Sprites/Adventurer/AdIdle_Sprite.uasset" 132
"../../../../../Game Project/Bored Pixels Jam 8/Engine Files/Pistro/Content/Assets/Textures/Sprites/Adventurer/AdIdle_Flipbook.uasset" 133
"../../../../../Game Project/Bored Pixels Jam 8/Engine Files/Pistro/Content/Assets/Textures/Sprites/Bullet/Bullet.uasset" 134
"../../../../../Game Project/Bored Pixels Jam 8/Engine Files/Pistro/Content/Assets/Textures/Sprites/Bullet/Bullet_Sprite.uasset" 135
"../../../../../Game Project/Bored Pixels Jam 8/Engine Files/Pistro/Content/Assets/Textures/Sprites/Bullet/Bullet_Flipbook.uasset" 136
"../../../../../Game Project/Bored Pixels Jam 8/Engine Files/Pistro/Content/Assets/Textures/Sprites/CuteGirl/Idle__9_.uasset" 137
"../../../../../Game Project/Bored Pixels Jam 8/Engine Files/Pistro/Content/Assets/Textures/Sprites/CuteGirl/Idle/Idle__9__Sprite.uasset" 138
"../../../../../Game Project/Bored Pixels Jam 8/Engine Files/Pistro/Content/Assets/Textures/Sprites/CuteGirl/Idle__8_.uasset" 139
"../../../../../Game Project/Bored Pixels Jam 8/Engine Files/Pistro/Content/Assets/Textures/Sprites/CuteGirl/Idle/Idle__8__Sprite.uasset" 140
"../../../../../Game Project/Bored Pixels Jam 8/Engine Files/Pistro/Content/Assets/Textures/Sprites/CuteGirl/Idle__7_.uasset" 141
"../../../../../Game Project/Bored Pixels Jam 8/Engine Files/Pistro/Content/Assets/Textures/Sprites/CuteGirl/Idle/Idle__7__Sprite.uasset" 142
"../../../../../Game Project/Bored Pixels Jam 8/Engine Files/Pistro/Content/Assets/Textures/Sprites/CuteGirl/Idle__6_.uasset" 143
"../../../../../Game Project/Bored Pixels Jam 8/Engine Files/Pistro/Content/Assets/Textures/Sprites/CuteGirl/Idle/Idle__6__Sprite.uasset" 144
"../../../../../Game Project/Bored Pixels Jam 8/Engine Files/Pistro/Content/Assets/Textures/Sprites/CuteGirl/Idle__5_.uasset" 145
"../../../../../Game Project/Bored Pixels Jam 8/Engine Files/Pistro/Content/Assets/Textures/Sprites/CuteGirl/Idle/Idle__5__Sprite.uasset" 146
"../../../../../Game Project/Bored Pixels Jam 8/Engine Files/Pistro/Content/Assets/Textures/Sprites/CuteGirl/Idle__4_.uasset" 147
"../../../../../Game Project/Bored Pixels Jam 8/Engine Files/Pistro/Content/Assets/Textures/Sprites/CuteGirl/Idle/Idle__4__Sprite.uasset" 148
"../../../../../Game Project/Bored Pixels Jam 8/Engine Files/Pistro/Content/Assets/Textures/Sprites/CuteGirl/Idle__3_.uasset" 149
"../../../../../Game Project/Bored Pixels Jam 8/Engine Files/Pistro/Content/Assets/Textures/Sprites/CuteGirl/Idle/Idle__3__Sprite.uasset" 150
"../../../../../Game Project/Bored Pixels Jam 8/Engine Files/Pistro/Content/Assets/Textures/Sprites/CuteGirl/Idle__2_.uasset" 151
"../../../../../Game Project/Bored Pixels Jam 8/Engine Files/Pistro/Content/Assets/Textures/Sprites/CuteGirl/Idle/Idle__2__Sprite.uasset" 152
"../../../../../Game Project/Bored Pixels Jam 8/Engine Files/Pistro/Content/Assets/Textures/Sprites/CuteGirl/Idle__1_.uasset" 153
"../../../../../Game Project/Bored Pixels Jam 8/Engine Files/Pistro/Content/Assets/Textures/Sprites/CuteGirl/Idle/Idle__1__Sprite.uasset" 154
"../../../../../Game Project/Bored Pixels Jam 8/Engine Files/Pistro/Content/Assets/Textures/Sprites/CuteGirl/Idle__16_.uasset" 155
"../../../../../Game Project/Bored Pixels Jam 8/Engine Files/Pistro/Content/Assets/Textures/Sprites/CuteGirl/Idle/Idle__16__Sprite.uasset" 156
"../../../../../Game Project/Bored Pixels Jam 8/Engine Files/Pistro/Content/Assets/Textures/Sprites/CuteGirl/Idle__15_.uasset" 157
"../../../../../Game Project/Bored Pixels Jam 8/Engine Files/Pistro/Content/Assets/Textures/Sprites/CuteGirl/Idle/Idle__15__Sprite.uasset" 158
"../../../../../Game Project/Bored Pixels Jam 8/Engine Files/Pistro/Content/Assets/Textures/Sprites/CuteGirl/Idle__14_.uasset" 159
"../../../../../Game Project/Bored Pixels Jam 8/Engine Files/Pistro/Content/Assets/Textures/Sprites/CuteGirl/Idle/Idle__14__Sprite.uasset" 160
"../../../../../Game Project/Bored Pixels Jam 8/Engine Files/Pistro/Content/Assets/Textures/Sprites/CuteGirl/Idle__13_.uasset" 161
"../../../../../Game Project/Bored Pixels Jam 8/Engine Files/Pistro/Content/Assets/Textures/Sprites/CuteGirl/Idle/Idle__13__Sprite.uasset" 162
"../../../../../Game Project/Bored Pixels Jam 8/Engine Files/Pistro/Content/Assets/Textures/Sprites/CuteGirl/Idle__12_.uasset" 163
"../../../../../Game Project/Bored Pixels Jam 8/Engine Files/Pistro/Content/Assets/Textures/Sprites/CuteGirl/Idle/Idle__12__Sprite.uasset" 164
"../../../../../Game Project/Bored Pixels Jam 8/Engine Files/Pistro/Content/Assets/Textures/Sprites/CuteGirl/Idle__11_.uasset" 165
"../../../../../Game Project/Bored Pixels Jam 8/Engine Files/Pistro/Content/Assets/Textures/Sprites/CuteGirl/Idle/Idle__11__Sprite.uasset" 166
"../../../../../Game Project/Bored Pixels Jam 8/Engine Files/Pistro/Content/Assets/Textures/Sprites/CuteGirl/Idle__10_.uasset" 167
"../../../../../Game Project/Bored Pixels Jam 8/Engine Files/Pistro/Content/Assets/Textures/Sprites/CuteGirl/Idle/Idle__10__Sprite.uasset" 168
"../../../../../Game Project/Bored Pixels Jam 8/Engine Files/Pistro/Content/Assets/Textures/Sprites/CuteGirl/Idle/FL_cgIdle.uasset" 169
"../../../../../Game Project/Bored Pixels Jam 8/Engine Files/Pistro/Content/Assets/Textures/Tiles/Sky/BlueSky/Sky_LittleCloud.uasset" 170
"../../../../../Game Project/Bored Pixels Jam 8/Engine Files/Pistro/Content/Assets/Textures/Tiles/Sky/BlueSky/Sky_LittleCloud_TileSet.uasset" 171
"../../../../../Game Project/Bored Pixels Jam 8/Engine Files/Pistro/Content/Assets/Textures/Tiles/PixelAdventure/PixelAdventure.uasset" 172
"../../../../../Game Project/Bored Pixels Jam 8/Engine Files/Pistro/Content/Assets/Textures/Tiles/PixelAdventure/PixelAdventure_TileSet.uasset" 173
"../../../../../Game Project/Bored Pixels Jam 8/Engine Files/Pistro/Content/Assets/Textures/Tiles/Ocean/Ocean.uasset" 174
"../../../../../Game Project/Bored Pixels Jam 8/Engine Files/Pistro/Content/Assets/Textures/Tiles/Ocean/Ocean_TileSet.uasset" 175
"../../../../../Game Project/Bored Pixels Jam 8/Engine Files/Pistro/Content/Assets/Textures/Tiles/Tilemaps/PixelAdventure_TileMap.uasset" 176
"../../../../../Game Project/Bored Pixels Jam 8/Engine Files/Pistro/Content/Assets/Textures/Tiles/PixelAdventure/PixelAdventure_TileMap.uasset" 177
"../../../../../Game Project/Bored Pixels Jam 8/Engine Files/Pistro/Content/Assets/Textures/Tiles/PixelAdventure_TileMap.uasset" 178
"../../../../../Game Project/Bored Pixels Jam 8/Engine Files/Pistro/Content/Assets/Textures/Tiles/Trees/Tree.uasset" 179
"../../../../../Game Project/Bored Pixels Jam 8/Engine Files/Pistro/Content/Assets/Textures/Tiles/Trees/Tree_TileSet.uasset" 180
"../../../../../Game Project/Bored Pixels Jam 8/Engine Files/Pistro/Content/Assets/Textures/Tiles/Sky/Sunny+Rainy/Sunny_Sky.uasset" 181
"../../../../../Game Project/Bored Pixels Jam 8/Engine Files/Pistro/Content/Assets/Textures/Tiles/Sky/Sunny+Rainy/Sunny_Sky_TileSet.uasset" 182
"../../../../../Game Project/Bored Pixels Jam 8/Engine Files/Pistro/Content/Assets/Textures/Tiles/House/House.uasset" 183
"../../../../../Game Project/Bored Pixels Jam 8/Engine Files/Pistro/Content/Assets/Textures/Tiles/House/House_TileSet.uasset" 184
"../../../../../Game Project/Bored Pixels Jam 8/Engine Files/Pistro/Content/Assets/Textures/Tiles/Tilemaps/Level2_TileMap.uasset" 185
"../../../../../Game Project/Bored Pixels Jam 8/Engine Files/Pistro/Content/Assets/Textures/Tiles/PixelAdventure/Level2_TileMap.uasset" 186
"../../../../../Game Project/Bored Pixels Jam 8/Engine Files/Pistro/Content/Assets/Textures/Tiles/PixelAdventure/Level.uasset" 187
"../../../../../Game Project/Bored Pixels Jam 8/Engine Files/Pistro/Content/Assets/Textures/Tiles/Sky/BlueSky/Sky.uasset" 188
"../../../../../Game Project/Bored Pixels Jam 8/Engine Files/Pistro/Content/Assets/Textures/Tiles/Sky/BlueSky/Sky_TileSet.uasset" 189
"../../../../../Game Project/Bored Pixels Jam 8/Engine Files/Pistro/Content/Assets/Textures/Tiles/Sky/Sunny+Rainy/Rainy_Sky.uasset" 190
"../../../../../Game Project/Bored Pixels Jam 8/Engine Files/Pistro/Content/Assets/Textures/Tiles/Sky/Sunny+Rainy/Rainy_Sky_TileSet.uasset" 191
"../../../../../Game Project/Bored Pixels Jam 8/Engine Files/Pistro/Content/Assets/Textures/Tiles/Topdown/Fire/Fire.uasset" 192
"../../../../../Game Project/Bored Pixels Jam 8/Engine Files/Pistro/Content/Assets/Textures/Tiles/Topdown/Fire/Fire_Sprite.uasset" 193
"../../../../../Game Project/Bored Pixels Jam 8/Engine Files/Pistro/Content/Assets/Textures/Tiles/Topdown/Fire/Fire_Flipbook.uasset" 194
"../../../../../Game Project/Bored Pixels Jam 8/Engine Files/Pistro/Content/Assets/Textures/Sprites/Goblin/Goblin.uasset" 195
"../../../../../Game Project/Bored Pixels Jam 8/Engine Files/Pistro/Content/Assets/Textures/Sprites/Goblin/Idle/Goblin_Sprite_2.uasset" 196
"../../../../../Game Project/Bored Pixels Jam 8/Engine Files/Pistro/Content/Assets/Textures/Sprites/Goblin/Idle/Goblin_Sprite_1.uasset" 197
"../../../../../Game Project/Bored Pixels Jam 8/Engine Files/Pistro/Content/Assets/Textures/Sprites/Goblin/Idle/Goblin_Sprite_0.uasset" 198
"../../../../../Game Project/Bored Pixels Jam 8/Engine Files/Pistro/Content/Assets/Textures/Sprites/Goblin/Idle/Goblin_Sprite_3.uasset" 199
"../../../../../Game Project/Bored Pixels Jam 8/Engine Files/Pistro/Content/Assets/Textures/Flipbooks/Goblin/FL_GobIdle.uasset" 200
"../../../../../Game Project/Bored Pixels Jam 8/Engine Files/Pistro/Content/Assets/Textures/Sprites/Goblin/Angry/Goblin_Sprite_7.uasset" 201
"../../../../../Game Project/Bored Pixels Jam 8/Engine Files/Pistro/Content/Assets/Textures/Sprites/Goblin/Angry/Goblin_Sprite_6.uasset" 202
"../../../../../Game Project/Bored Pixels Jam 8/Engine Files/Pistro/Content/Assets/Textures/Sprites/Goblin/Angry/Goblin_Sprite_5.uasset" 203
"../../../../../Game Project/Bored Pixels Jam 8/Engine Files/Pistro/Content/Assets/Textures/Sprites/Goblin/Angry/Goblin_Sprite_4.uasset" 204
"../../../../../Game Project/Bored Pixels Jam 8/Engine Files/Pistro/Content/Assets/Textures/Sprites/Goblin/Angry/Goblin_Sprite_3.uasset" 205
"../../../../../Game Project/Bored Pixels Jam 8/Engine Files/Pistro/Content/Assets/Textures/Sprites/Goblin/Angry/Goblin_Sprite_2.uasset" 206
"../../../../../Game Project/Bored Pixels Jam 8/Engine Files/Pistro/Content/Assets/Textures/Sprites/Goblin/Angry/Goblin_Sprite_1.uasset" 207
"../../../../../Game Project/Bored Pixels Jam 8/Engine Files/Pistro/Content/Assets/Textures/Sprites/Goblin/Angry/Goblin_Sprite_0.uasset" 208
"../../../../../Game Project/Bored Pixels Jam 8/Engine Files/Pistro/Content/Assets/Textures/Flipbooks/Goblin/FL_GobAngry.uasset" 209
"../../../../../Game Project/Bored Pixels Jam 8/Engine Files/Pistro/Content/Assets/Textures/Sprites/Goblin/Walk/Goblin_Sprite_5.uasset" 210
"../../../../../Game Project/Bored Pixels Jam 8/Engine Files/Pistro/Content/Assets/Textures/Sprites/Goblin/Walk/Goblin_Sprite_4.uasset" 211
"../../../../../Game Project/Bored Pixels Jam 8/Engine Files/Pistro/Content/Assets/Textures/Sprites/Goblin/Walk/Goblin_Sprite_3.uasset" 212
"../../../../../Game Project/Bored Pixels Jam 8/Engine Files/Pistro/Content/Assets/Textures/Sprites/Goblin/Walk/Goblin_Sprite_2.uasset" 213
"../../../../../Game Project/Bored Pixels Jam 8/Engine Files/Pistro/Content/Assets/Textures/Sprites/Goblin/Walk/Goblin_Sprite_1.uasset" 214
"../../../../../Game Project/Bored Pixels Jam 8/Engine Files/Pistro/Content/Assets/Textures/Sprites/Goblin/Walk/Goblin_Sprite_0.uasset" 215
"../../../../../Game Project/Bored Pixels Jam 8/Engine Files/Pistro/Content/Assets/Textures/Flipbooks/Goblin/FL_GobWalk.uasset" 216
"../../../../../Game Project/Bored Pixels Jam 8/Engine Files/Pistro/Content/Assets/Sounds/Princess_Laugh.uasset" 217
"../../../../../Game Project/Bored Pixels Jam 8/Engine Files/Pistro/Content/Assets/Sounds/Laugh_Sound.uasset" 218
"../../../../../Game Project/Bored Pixels Jam 8/Engine Files/Pistro/Content/Assets/Sounds/Goblin_Screaming.uasset" 219
"../../../../../Game Project/Bored Pixels Jam 8/Engine Files/Pistro/Content/Assets/Sounds/Ocean_Wave.uasset" 220
"../../../../../Game Project/Bored Pixels Jam 8/Engine Files/Pistro/Content/Cinemetics/CM_Map1.uasset" 221
"../../../../../Game Project/Bored Pixels Jam 8/Engine Files/Pistro/Content/Cinemetics/CM_Map1_2.uasset" 222
"../../../../../Game Project/Bored Pixels Jam 8/Engine Files/Pistro/Content/Assets/Textures/Sprites/Allan/Idle/Allan_Sprite_9.uasset" 223
"../../../../../Game Project/Bored Pixels Jam 8/Engine Files/Pistro/Content/Assets/Textures/Sprites/Allan/Idle/Allan_Sprite_8.uasset" 224
"../../../../../Game Project/Bored Pixels Jam 8/Engine Files/Pistro/Content/Assets/Textures/Sprites/Allan/Idle/Allan_Sprite_26.uasset" 225
"../../../../../Game Project/Bored Pixels Jam 8/Engine Files/Pistro/Content/Assets/Textures/Sprites/Allan/Idle/Allan_Sprite_25.uasset" 226
"../../../../../Game Project/Bored Pixels Jam 8/Engine Files/Pistro/Content/Assets/Textures/Sprites/Allan/Idle/Allan_Sprite_23.uasset" 227
"../../../../../Game Project/Bored Pixels Jam 8/Engine Files/Pistro/Content/Assets/Textures/Sprites/Allan/Idle/Allan_Sprite_21.uasset" 228
"../../../../../Game Project/Bored Pixels Jam 8/Engine Files/Pistro/Content/Assets/Textures/Sprites/Allan/Idle/Allan_Sprite_20.uasset" 229
"../../../../../Game Project/Bored Pixels Jam 8/Engine Files/Pistro/Content/Assets/Textures/Sprites/Allan/Idle/Allan_Sprite_19.uasset" 230
"../../../../../Game Project/Bored Pixels Jam 8/Engine Files/Pistro/Content/Assets/Textures/Sprites/Allan/Idle/Allan_Sprite_18.uasset" 231
"../../../../../Game Project/Bored Pixels Jam 8/Engine Files/Pistro/Content/Assets/Textures/Sprites/Allan/Idle/Allan_Sprite_17.uasset" 232
"../../../../../Game Project/Bored Pixels Jam 8/Engine Files/Pistro/Content/Assets/Textures/Sprites/Allan/Idle/Allan_Sprite_16.uasset" 233
"../../../../../Game Project/Bored Pixels Jam 8/Engine Files/Pistro/Content/Assets/Textures/Sprites/Allan/Idle/Allan_Sprite_15.uasset" 234
"../../../../../Game Project/Bored Pixels Jam 8/Engine Files/Pistro/Content/Assets/Textures/Sprites/Allan/Idle/Allan_Sprite_14.uasset" 235
"../../../../../Game Project/Bored Pixels Jam 8/Engine Files/Pistro/Content/Assets/Textures/Sprites/Allan/Idle/Allan_Sprite_13.uasset" 236
"../../../../../Game Project/Bored Pixels Jam 8/Engine Files/Pistro/Content/Assets/Textures/Sprites/Allan/Idle/Allan_Sprite_12.uasset" 237
"../../../../../Game Project/Bored Pixels Jam 8/Engine Files/Pistro/Content/Assets/Textures/Sprites/Allan/Idle/Allan_Sprite_11.uasset" 238
"../../../../../Game Project/Bored Pixels Jam 8/Engine Files/Pistro/Content/Assets/Textures/Sprites/Allan/Idle/Allan_Sprite_10.uasset" 239
"../../../../../Game Project/Bored Pixels Jam 8/Engine Files/Pistro/Content/Assets/Textures/Flipbooks/Allan/FL_AllanIdle.uasset" 240
"../../../../../Game Project/Bored Pixels Jam 8/Engine Files/Pistro/Content/Assets/Blueprints/BP_Allan.uasset" 241
"../../../../../Game Project/Bored Pixels Jam 8/Engine Files/Pistro/Content/Cinemetics/CM_Map2.uasset" 242
"../../../../../Game Project/Bored Pixels Jam 8/Engine Files/Pistro/Content/Assets/Textures/Sprites/Allan/AllanWalk.uasset" 243
"../../../../../Game Project/Bored Pixels Jam 8/Engine Files/Pistro/Content/Assets/Textures/Sprites/Allan/Walk/AllanWalk_Sprite_7.uasset" 244
"../../../../../Game Project/Bored Pixels Jam 8/Engine Files/Pistro/Content/Assets/Textures/Sprites/Allan/Walk/AllanWalk_Sprite_6.uasset" 245
"../../../../../Game Project/Bored Pixels Jam 8/Engine Files/Pistro/Content/Assets/Textures/Sprites/Allan/Walk/AllanWalk_Sprite_5.uasset" 246
"../../../../../Game Project/Bored Pixels Jam 8/Engine Files/Pistro/Content/Assets/Textures/Sprites/Allan/Walk/AllanWalk_Sprite_4.uasset" 247
"../../../../../Game Project/Bored Pixels Jam 8/Engine Files/Pistro/Content/Assets/Textures/Sprites/Allan/Walk/AllanWalk_Sprite_3.uasset" 248
"../../../../../Game Project/Bored Pixels Jam 8/Engine Files/Pistro/Content/Assets/Textures/Sprites/Allan/Walk/AllanWalk_Sprite_2.uasset" 249
"../../../../../Game Project/Bored Pixels Jam 8/Engine Files/Pistro/Content/Assets/Textures/Sprites/Allan/Walk/AllanWalk_Sprite_1.uasset" 250
"../../../../../Game Project/Bored Pixels Jam 8/Engine Files/Pistro/Content/Assets/Textures/Sprites/Allan/Walk/AllanWalk_Sprite_0.uasset" 251
"../../../../../Game Project/Bored Pixels Jam 8/Engine Files/Pistro/Content/Assets/Textures/Flipbooks/Allan/FL_AllanWalk.uasset" 252
"../../../../../Game Project/Bored Pixels Jam 8/Engine Files/Pistro/Content/Cinemetics/CM_Map3.uasset" 253
"../../../../../Game Project/Bored Pixels Jam 8/Engine Files/Pistro/Content/Cinemetics/CM_Map5.uasset" 254
"../../../../../Game Project/Bored Pixels Jam 8/Engine Files/Pistro/Content/Movies/UE4_Intro.uasset" 255
"../../../../../Game Project/Bored Pixels Jam 8/Engine Files/Pistro/Content/Widgets/BP_FadeIn.uasset" 256
"../../../../../Game Project/Bored Pixels Jam 8/Engine Files/Pistro/Content/Widgets/BP_Fade.uasset" 257
"../../../../../Game Project/Bored Pixels Jam 8/Engine Files/Pistro/Content/Assets/Sounds/GTA_V_Wasted.uasset" 258
"../../../../../Game Project/Bored Pixels Jam 8/Engine Files/Pistro/Content/Widgets/BP_MissionFailed1.uasset" 259
"../../../../../Game Project/Bored Pixels Jam 8/Engine Files/Pistro/Content/Widgets/Mouse_Cursour.uasset" 260
"../../../../../Game Project/Bored Pixels Jam 8/Engine Files/Pistro/Content/Widgets/BP_MouseCursour.uasset" 261
"../../../../../Game Project/Bored Pixels Jam 8/Engine Files/Pistro/Content/Widgets/BP_NotTheHero.uasset" 262
"../../../../../Game Project/Bored Pixels Jam 8/Engine Files/Pistro/Content/Widgets/Notepad.uasset" 263
"../../../../../Game Project/Bored Pixels Jam 8/Engine Files/Pistro/Content/Widgets/Cross_Bold.uasset" 264
"../../../../../Game Project/Bored Pixels Jam 8/Engine Files/Pistro/Content/Widgets/Cross.uasset" 265
"../../../../../Game Project/Bored Pixels Jam 8/Engine Files/Pistro/Content/Widgets/BP_Objectives.uasset" 266
"../../../../../Game Project/Bored Pixels Jam 8/Engine Files/Pistro/Content/Widgets/BP_Ojectives.uasset" 267
"../../../Engine/Content/EngineMaterials/T_Default_Material_Grid_N.uasset" 268
"../../../Engine/Content/EngineMaterials/T_Default_Material_Grid_M.uasset" 269
"../../../Engine/Content/Functions/Engine_MaterialFunctions01/Opacity/CameraDepthFade.uasset" 270
"../../../Engine/Content/EngineMaterials/WorldGridMaterial.uasset" 271
"../../../Engine/Content/ArtTools/RenderToTexture/Meshes/S_1_Unit_Plane.uasset" 272
"../../../Engine/Content/EngineMaterials/DefaultMaterial.uasset" 273
"../../../Engine/Content/BasicShapes/Cone.uasset" 274
"../../../Engine/Content/BasicShapes/Plane.uasset" 275
"../../../Engine/Content/BasicShapes/Sphere.uasset" 276
"../../../Engine/Content/EditorLandscapeResources/DataLayer.uasset" 277
"../../../Engine/Content/EditorLandscapeResources/DefaultAlphaTexture.uasset" 278
"../../../Engine/Content/EditorMaterials/MAT_Groups_Toggle.uasset" 279
"../../../Engine/Content/EditorMaterials/MAT_Groups_Visibility.uasset" 280
"../../../Engine/Content/EditorMaterials/PreviewShadowIndicator.uasset" 281
"../../../Engine/Content/EditorMaterials/PreviewShadowIndicatorMaterial.uasset" 282
"../../../Engine/Content/EditorMaterials/MatineeGroups/MAT_ColorTrack.uasset" 283
"../../../Engine/Content/EditorMaterials/MatineeGroups/MAT_Groups_Anim.uasset" 284
"../../../Engine/Content/EditorMaterials/MatineeGroups/MAT_Groups_AudioMaster.uasset" 285
"../../../Engine/Content/EditorMaterials/MatineeGroups/MAT_Groups_Director.uasset" 286
"../../../Engine/Content/EditorMaterials/MatineeGroups/MAT_Groups_Event.uasset" 287
"../../../Engine/Content/EditorMaterials/MatineeGroups/MAT_Groups_Fade.uasset" 288
"../../../Engine/Content/EditorMaterials/MatineeGroups/MAT_Groups_Float.uasset" 289
"../../../Engine/Content/EditorMaterials/MatineeGroups/MAT_Groups_Move.uasset" 290
"../../../Engine/Content/EditorMaterials/MatineeGroups/MAT_Groups_Slomo.uasset" 291
"../../../Engine/Content/EditorMaterials/MatineeGroups/MAT_Groups_Sound.uasset" 292
"../../../Engine/Content/EditorMaterials/MatineeGroups/MAT_Groups_Vector.uasset" 293
"../../../Engine/Content/EditorMaterials/ParticleSystems/PSysThumbnail_NoImage.uasset" 294
"../../../Engine/Content/EditorMaterials/ParticleSystems/PSysThumbnail_OOD.uasset" 295
"../../../Engine/Content/EditorMaterials/Camera/CineMat.uasset" 296
"../../../Engine/Content/EditorMaterials/Camera/MI_CineMat_Rig.uasset" 297
"../../../Engine/Content/EditorMeshes/Camera/SM_CraneRig_Arm.uasset" 298
"../../../Engine/Content/EditorMeshes/Camera/SM_CraneRig_Base.uasset" 299
"../../../Engine/Content/EditorMeshes/Camera/SM_CraneRig_Body.uasset" 300
"../../../Engine/Content/EditorMeshes/Camera/SM_CraneRig_Mount.uasset" 301
"../../../Engine/Content/EditorMeshes/Camera/SM_RailRig_Mount.uasset" 302
"../../../Engine/Content/EditorMeshes/Camera/SM_RailRig_Track.uasset" 303
"../../../Engine/Content/EditorResources/BSPVertex.uasset" 304
"../../../Engine/Content/EditorResources/EmptyActor.uasset" 305
"../../../Engine/Content/EditorResources/S_Actor.uasset" 306
"../../../Engine/Content/EditorResources/S_Note.uasset" 307
"../../../Engine/Content/EditorResources/S_Solver.uasset" 308
"../../../Engine/Content/EditorResources/S_Terrain.uasset" 309
"../../../Engine/Content/EditorResources/S_Trigger.uasset" 310
"../../../Engine/Content/EditorResources/AudioIcons/S_AudioComponent.uasset" 311
"../../../Engine/Content/EditorResources/AudioIcons/S_AudioComponent_AutoActivate.uasset" 312
"../../../Engine/Content/EditorResources/SequenceRecorder/Countdown.uasset" 313
"../../../Engine/Content/EditorResources/SequenceRecorder/RecordingIndicator.uasset" 314
"../../../Engine/Content/EngineDamageTypes/DmgTypeBP_Environmental.uasset" 315
"../../../Engine/Content/EngineDebugMaterials/DebugEditorMaterial.uasset" 316
"../../../Engine/Content/EngineDebugMaterials/DebugMeshMaterial.uasset" 317
"../../../Engine/Content/EngineDebugMaterials/M_SimpleUnlitTranslucent.uasset" 318
"../../../Engine/Content/EngineDebugMaterials/VolumeToRender.uasset" 319
"../../../Engine/Content/Functions/Engine_MaterialFunctions02/Utility/CameraDirectionVector.uasset" 320
"../../../Engine/Content/EngineDebugMaterials/M_VolumeRenderSphereTracePP.uasset" 321
"../../../Engine/Content/Functions/Engine_MaterialFunctions01/Shading/ConvertFromDiffSpec.uasset" 322
"../../../Engine/Content/EngineDebugMaterials/VertexColorMaterial.uasset" 323
"../../../Engine/Content/EngineDebugMaterials/WireframeMaterial.uasset" 324
"../../../Engine/Content/EngineFonts/Faces/RobotoRegular.uasset" 325
"../../../Engine/Content/EngineFonts/Faces/RobotoLight.uasset" 326
"../../../Engine/Content/EngineFonts/Faces/RobotoItalic.uasset" 327
"../../../Engine/Content/EngineFonts/Faces/RobotoBoldItalic.uasset" 328
"../../../Engine/Content/EngineFonts/Faces/RobotoBold.uasset" 329
"../../../Engine/Content/EngineFonts/Faces/DroidSansFallback.uasset" 330
"../../../Engine/Content/EngineFonts/Roboto.uasset" 331
"../../../Engine/Content/EngineMaterials/BaseFlattenNormalMap.uasset" 332
"../../../Engine/Content/EngineMaterials/BaseFlattenGrayscaleMap.uasset" 333
"../../../Engine/Content/EngineMaterials/BaseFlattenEmissiveMap.uasset" 334
"../../../Engine/Content/EngineMaterials/BaseFlattenDiffuseMap.uasset" 335
"../../../Engine/Content/EngineMaterials/BaseFlattenMaterial.uasset" 336
"../../../Engine/Content/EngineMaterials/BlueNoise.uasset" 337
"../../../Engine/Content/EngineMaterials/DefaultBloomKernel.uasset" 338
"../../../Engine/Content/EngineMaterials/DefaultBokeh.uasset" 339
"../../../Engine/Content/EngineMaterials/DefaultDiffuse.uasset" 340
"../../../Engine/Content/EngineMaterials/DefaultDeferredDecalMaterial.uasset" 341
"../../../Engine/Content/EngineMaterials/DefaultLightFunctionMaterial.uasset" 342
"../../../Engine/Content/EngineMaterials/DefaultPhysicalMaterial.uasset" 343
"../../../Engine/Content/Functions/Engine_MaterialFunctions02/Utility/BreakOutFloat2Components.uasset" 344
"../../../Engine/Content/EngineMaterials/DefaultPostProcessMaterial.uasset" 345
"../../../Engine/Content/EngineFonts/RobotoDistanceField.uasset" 346
"../../../Engine/Content/EngineMaterials/DefaultTextMaterialOpaque.uasset" 347
"../../../Engine/Content/EngineMaterials/DefaultWhiteGrid.uasset" 348
"../../../Engine/Content/EngineMaterials/DefaultWhiteGrid_Low.uasset" 349
"../../../Engine/Content/EngineMaterials/EmissiveMeshMaterial.uasset" 350
"../../../Engine/Content/EngineMaterials/GizmoMaterial.uasset" 351
"../../../Engine/Content/EngineMaterials/Good64x64TilingNoiseHighFreq.uasset" 352
"../../../Engine/Content/EngineMaterials/MiniFont.uasset" 353
"../../../Engine/Content/EngineMaterials/InvalidLightmapSettings.uasset" 354
"../../../Engine/Content/EngineMaterials/M_InvalidLightmapSettings.uasset" 355
"../../../Engine/Content/Functions/Engine_MaterialFunctions02/WorldPositionOffset/CameraOffset.uasset" 356
"../../../Engine/Content/EngineMaterials/PhAT_JointLimitMaterial.uasset" 357
"../../../Engine/Content/EngineMaterials/PreintegratedSkinBRDF.uasset" 358
"../../../Engine/Content/EngineMaterials/RemoveSurfaceMaterial.uasset" 359
"../../../Engine/Content/EngineMaterials/WeightMapPlaceholderTexture.uasset" 360
"../../../Engine/Content/EngineResources/WhiteSquareTexture.uasset" 361
"../../../Engine/Content/EngineMaterials/Widget3DPassThrough.uasset" 362
"../../../Engine/Content/EngineMaterials/Widget3DPassThrough_Masked.uasset" 363
"../../../Engine/Content/EngineMaterials/Widget3DPassThrough_Opaque.uasset" 364
"../../../Engine/Content/EngineMaterials/Widget3DPassThrough_Masked_OneSided.uasset" 365
"../../../Engine/Content/EngineMaterials/Widget3DPassThrough_Opaque_OneSided.uasset" 366
"../../../Engine/Content/EngineMaterials/Widget3DPassThrough_Translucent.uasset" 367
"../../../Engine/Content/EngineMaterials/Widget3DPassThrough_Translucent_OneSided.uasset" 368
"../../../Engine/Content/EngineMeshes/Cylinder.uasset" 369
"../../../Engine/Content/EngineMeshes/Sphere.uasset" 370
"../../../Engine/Content/EngineResources/Black.uasset" 371
"../../../Engine/Content/EngineResources/DefaultTextureCube.uasset" 372
"../../../Engine/Content/EngineResources/DefaultVolumeTexture2D.uasset" 373
"../../../Engine/Content/EngineResources/DefaultVolumeTexture.uasset" 374
"../../../Engine/Content/EngineResources/GradientTexture0.uasset" 375
"../../../Engine/Content/EngineSky/VolumetricClouds/T_NoiseShape64.uasset" 376
"../../../Engine/Content/EngineSky/VolumetricClouds/T_VolumeNoiseShape64.uasset" 377
"../../../Engine/Content/EngineSky/VolumetricClouds/T_NoiseErosion.uasset" 378
"../../../Engine/Content/EngineSky/VolumetricClouds/T_VolumeNoiseErosion32.uasset" 379
"../../../Engine/Content/EngineSky/VolumetricClouds/CloudWeatherTexture.uasset" 380
"../../../Engine/Content/EngineSky/VolumetricClouds/CloudGradientTexture.uasset" 381
"../../../Engine/Content/Functions/Engine_MaterialFunctions02/Utility/MakeFloat2.uasset" 382
"../../../Engine/Content/EngineSky/VolumetricClouds/m_SimpleVolumetricCloud.uasset" 383
"../../../Engine/Content/EngineSky/VolumetricClouds/m_SimpleVolumetricCloud_Inst.uasset" 384
"../../../Engine/Content/EngineSounds/Master.uasset" 385
"../../../Engine/Content/Functions/Engine_MaterialFunctions01/Shading/PowerToRoughness.uasset" 386
"../../../Engine/Content/Maps/Templates/Thumbnails/Default.uasset" 387
"../../../Engine/Content/Maps/Templates/Thumbnails/TimeOfDay.uasset" 388
"../../../Engine/Content/Maps/Templates/Thumbnails/VR-Basic.uasset" 389
"../../../Engine/Content/MobileResources/T_MobileControls_texture.uasset" 390
"../../../Engine/Content/MobileResources/T_MobileMenu2.uasset" 391
"../../../Engine/Content/MobileResources/HUD/AnalogHat.uasset" 392
"../../../Engine/Content/MobileResources/HUD/VirtualJoystick_Thumb.uasset" 393
"../../../Engine/Content/MobileResources/HUD/VirtualJoystick_Background.uasset" 394
"../../../Engine/Content/MobileResources/HUD/DefaultVirtualJoysticks.uasset" 395
"../../../Engine/Content/MobileResources/HUD/LeftVirtualJoystickOnly.uasset" 396
"../../../Engine/Content/MobileResources/HUD/MobileHUDButton1_off.uasset" 397
"../../../Engine/Content/MobileResources/HUD/MobileHUDButton1_on.uasset" 398
"../../../Engine/Content/MobileResources/HUD/MobileHUDButton2_off.uasset" 399
"../../../Engine/Content/MobileResources/HUD/MobileHUDButton2_on.uasset" 400
"../../../Engine/Content/MobileResources/HUD/MobileHUDButton3.uasset" 401
"../../../Engine/Content/MobileResources/HUD/MobileHUDButtonFire.uasset" 402
"../../../Engine/Content/MobileResources/HUD/MobileHUDDirectionPad.uasset" 403
"../../../Engine/Content/MobileResources/HUD/MobileHUDDirectionPad2.uasset" 404
"../../../Engine/Content/MobileResources/HUD/MobileHUDDirectionPad3.uasset" 405
"../../../Engine/Content/MobileResources/HUD/MobileHUDDirectionStick.uasset" 406
"../../../Engine/Content/MobileResources/HUD/T_Castle_ThumbstickInner.uasset" 407
"../../../Engine/Content/MobileResources/HUD/T_Castle_ThumbstickOutter.uasset" 408
"../../../Engine/Content/Tutorial/ContentIntroCurve.uasset" 409
"../../../Engine/Content/Tutorial/Basics/LevelEditorAttract.uasset" 410
"../../../Engine/Content/Tutorial/Basics/TutorialAssets/icon_tab_Levels_40x.uasset" 411
"../../../Engine/Content/Tutorial/Basics/LevelEditorOverview.uasset" 412
"../../../Engine/Content/Tutorial/BlueprintTutorials/TutorialAssets/Blueprint_64x.uasset" 413
"../../../Engine/Content/Tutorial/BlueprintTutorials/BlueprintEditorTutorial.uasset" 414
"../../../Engine/Content/Tutorial/Installation/InstallingVisualStudioTutorial.uasset" 415
"../../../Engine/Content/Tutorial/Landscape/TutorialAssets/Landscape.uasset" 416
"../../../Engine/Content/Tutorial/Landscape/LandscapeWalkThrough.uasset" 417
"../../../Engine/Content/Tutorial/Landscape/Landscape_Manage_Mode.uasset" 418
"../../../Engine/Content/Tutorial/Landscape/Landscape_Painting_Mode.uasset" 419
"../../../Engine/Content/Tutorial/Landscape/Landscape_Sculpt_Mode.uasset" 420
"../../../Engine/Content/Tutorial/SubEditors/MaterialEditorTutorial.uasset" 421
"../../../Engine/Content/Tutorial/SubEditors/TutorialAssets/TutorialMaterial.uasset" 422
"../../../Engine/Content/VREditor/LaserPointer/VR_LaserPower_01.uasset" 423
"../../../Engine/Content/VREditor/TransformGizmo/TransformGizmoMaterial.uasset" 424
"../../../Engine/Content/VREditor/TransformGizmo/TranslucentTransformGizmoMaterial.uasset" 425
"../../../Engine/Content/VREditor/TransformGizmo/BoundingBoxCorner.uasset" 426
"../../../Engine/Content/VREditor/TransformGizmo/BoundingBoxEdge.uasset" 427
"../../../Engine/Content/VREditor/TransformGizmo/PlaneTranslationHandle.uasset" 428
"../../../Engine/Content/VREditor/TransformGizmo/Xray.uasset" 429
"../../../Engine/Content/VREditor/TransformGizmo/Main.uasset" 430
"../../../Engine/Content/VREditor/TransformGizmo/SM_Sequencer_Key.uasset" 431
"../../../Engine/Content/VREditor/TransformGizmo/SM_Sequencer_Node.uasset" 432
"../../Plugins/2D/Paper2D/Content/DummySprite.uasset" 433
"../../Plugins/2D/Paper2D/Content/DefaultPaperTerrainMaterial.uasset" 434
"../../Plugins/2D/Paper2D/Content/MaskedUnlitSpriteMaterial.uasset" 435
"../../../Engine/Content/Functions/Engine_MaterialFunctions02/Utility/BreakOutFloat3Components.uasset" 436
"../../Plugins/Editor/SpeedTreeImporter/Content/SpeedTree9/UnpackInteger3.uasset" 437
"../../Plugins/Editor/SpeedTreeImporter/Content/SpeedTree9/UnpackDirection.uasset" 438
"../../Plugins/Editor/SpeedTreeImporter/Content/SpeedTree9/game_wind_noise.uasset" 439
"../../../Engine/Content/Functions/Engine_MaterialFunctions02/SafeNormalize.uasset" 440
"../../Plugins/Editor/SpeedTreeImporter/Content/SpeedTree9/SpeedTreeWindMotion.uasset" 441
"../../Plugins/Editor/SpeedTreeImporter/Content/SpeedTree9/SpeedTreeBranchMotion.uasset" 442
"../../../Engine/Content/Functions/Engine_MaterialFunctions02/ObjectLocalBounds.uasset" 443
"../../../Engine/Content/Functions/Engine_MaterialFunctions02/UVs/BoundingBoxBased_0-1_UVW.uasset" 444
"../../Plugins/Editor/SpeedTreeImporter/Content/SpeedTree9/SpeedTreeWind.uasset" 445
"../../Plugins/Editor/SpeedTreeImporter/Content/SpeedTree9/SpeedTreeBillboard.uasset" 446
"../../../Engine/Content/EngineResources/DefaultTexture.uasset" 447
"../../Plugins/Editor/SpeedTreeImporter/Content/SpeedTree9/SpeedTreeBillboardMaster.uasset" 448
"../../Plugins/Editor/SpeedTreeImporter/Content/SpeedTree9/SpeedTreeCameraFacing.uasset" 449
"../../Plugins/Editor/SpeedTreeImporter/Content/SpeedTree9/SpeedTreeMaster.uasset" 450
"../../../Engine/Content/BasicShapes/Cylinder.uasset" 451
"../../../Engine/Content/ArtTools/RenderToTexture/Materials/Debug/M_Emissive_Color.uasset" 452
"../../Plugins/Lumin/MagicLeapPassableWorld/Content/MagicLeapARPinInfoActor.uasset" 453
"../../../Engine/Content/Functions/Engine_MaterialFunctions02/Utility/BreakOutFloat4Components.uasset" 454
"../../../Engine/Content/Functions/Engine_MaterialFunctions02/Utility/MakeFloat3.uasset" 455
"../../Plugins/Runtime/Oculus/OculusVR/Content/Materials/OculusMR_ChromaKey.uasset" 456
"../../Plugins/Runtime/Oculus/OculusVR/Content/Materials/OculusMR_OpaqueColoredMaterial.uasset" 457
"../../Plugins/Runtime/Oculus/OculusVR/Content/Materials/PokeAHoleMaterial.uasset" 458
"../../../../../Game Project/Bored Pixels Jam 8/Engine Files/Pistro/Content/Assets/Sounds/Ukulele.uasset" 459
"../../../../../Game Project/Bored Pixels Jam 8/Engine Files/Pistro/Content/Widgets/MainHud/BP_RestartHud_2.uasset" 460
"../../../../../Game Project/Bored Pixels Jam 8/Engine Files/Pistro/Content/Widgets/MainHud/BP_MainHud_2.uasset" 461
"../../../../../Game Project/Bored Pixels Jam 8/Engine Files/Pistro/Content/Assets/Blueprints/BP_MainHud_2.uasset" 462
"../../../../../Game Project/Bored Pixels Jam 8/Engine Files/Pistro/Content/Maps/Level_2.umap" 463
"../../../../../Game Project/Bored Pixels Jam 8/Engine Files/Pistro/Content/Widgets/BP_Objectives2.uasset" 464
"../../../../../Game Project/Bored Pixels Jam 8/Engine Files/Pistro/Content/Widgets/BP_Describe2.uasset" 465
"../../../../../Game Project/Bored Pixels Jam 8/Engine Files/Pistro/Content/Assets/Textures/Tiles/PixelArtForest/PixelForest.uasset" 466
"../../../../../Game Project/Bored Pixels Jam 8/Engine Files/Pistro/Content/Assets/Textures/Tiles/PixelArtForest/PixelForest_TileSet.uasset" 467
"../../../../../Game Project/Bored Pixels Jam 8/Engine Files/Pistro/Content/Assets/Textures/Tiles/Jungle/Jungle.uasset" 468
"../../../../../Game Project/Bored Pixels Jam 8/Engine Files/Pistro/Content/Assets/Textures/Tiles/Jungle/Jungle_TileSet.uasset" 469
"../../../../../Game Project/Bored Pixels Jam 8/Engine Files/Pistro/Content/Assets/Textures/Sprites/IronGate/IronGateWall.uasset" 470
"../../../../../Game Project/Bored Pixels Jam 8/Engine Files/Pistro/Content/Assets/Textures/Sprites/IronGate/IronGateWall_TileSet.uasset" 471
"../../../../../Game Project/Bored Pixels Jam 8/Engine Files/Pistro/Content/Assets/Textures/Tiles/Tilemaps/Level3_TileMap.uasset" 472
"../../../../../Game Project/Bored Pixels Jam 8/Engine Files/Pistro/Content/Maps/Level_3_BuiltData.uasset" 473
"../../../../../Game Project/Bored Pixels Jam 8/Engine Files/Pistro/Content/Maps/Level_3.umap" 474
"../../../../../Game Project/Bored Pixels Jam 8/Engine Files/Pistro/Content/Widgets/BP_Tips.uasset" 475
"../../../../../Game Project/Bored Pixels Jam 8/Engine Files/Pistro/Content/Widgets/BP_Objectives3.uasset" 476
"../../../../../Game Project/Bored Pixels Jam 8/Engine Files/Pistro/Content/Widgets/BP_MissionFailed.uasset" 477
"../../../../../Game Project/Bored Pixels Jam 8/Engine Files/Pistro/Content/Assets/Textures/Tiles/Topdown/Topdown.uasset" 478
"../../../../../Game Project/Bored Pixels Jam 8/Engine Files/Pistro/Content/Assets/Textures/Tiles/Topdown/Topdown_TileSet.uasset" 479
"../../../../../Game Project/Bored Pixels Jam 8/Engine Files/Pistro/Content/Assets/Textures/Tiles/Topdown/PixelArtTopdown/StoneGround.uasset" 480
"../../../../../Game Project/Bored Pixels Jam 8/Engine Files/Pistro/Content/Assets/Textures/Tiles/Topdown/PixelArtTopdown/StoneGround_TileSet.uasset" 481
"../../../../../Game Project/Bored Pixels Jam 8/Engine Files/Pistro/Content/Assets/Textures/Tiles/Topdown/PixelArtTopdown/Props.uasset" 482
"../../../../../Game Project/Bored Pixels Jam 8/Engine Files/Pistro/Content/Assets/Textures/Tiles/Topdown/PixelArtTopdown/Props_TileSet.uasset" 483
"../../../../../Game Project/Bored Pixels Jam 8/Engine Files/Pistro/Content/Assets/Textures/Tiles/Topdown/PixelArtTopdown/Plant.uasset" 484
"../../../../../Game Project/Bored Pixels Jam 8/Engine Files/Pistro/Content/Assets/Textures/Tiles/Topdown/PixelArtTopdown/Plant_TileSet.uasset" 485
"../../../../../Game Project/Bored Pixels Jam 8/Engine Files/Pistro/Content/Assets/Textures/Tiles/Topdown/PixelArtTopdown/Grass.uasset" 486
"../../../../../Game Project/Bored Pixels Jam 8/Engine Files/Pistro/Content/Assets/Textures/Tiles/Topdown/PixelArtTopdown/Grass_TileSet.uasset" 487
"../../../../../Game Project/Bored Pixels Jam 8/Engine Files/Pistro/Content/Assets/Textures/Tiles/Tilemaps/Level4_TileMap.uasset" 488
"../../../../../Game Project/Bored Pixels Jam 8/Engine Files/Pistro/Content/Assets/Textures/Tiles/Topdown/Fire/Fire5.uasset" 489
"../../../../../Game Project/Bored Pixels Jam 8/Engine Files/Pistro/Content/Assets/Textures/Tiles/Topdown/Fire/Fire5_Sprite.uasset" 490
"../../../../../Game Project/Bored Pixels Jam 8/Engine Files/Pistro/Content/Assets/Textures/Tiles/Topdown/Fire/Fire4.uasset" 491
"../../../../../Game Project/Bored Pixels Jam 8/Engine Files/Pistro/Content/Assets/Textures/Tiles/Topdown/Fire/Fire4_Sprite.uasset" 492
"../../../../../Game Project/Bored Pixels Jam 8/Engine Files/Pistro/Content/Assets/Textures/Tiles/Topdown/Fire/Fire3.uasset" 493
"../../../../../Game Project/Bored Pixels Jam 8/Engine Files/Pistro/Content/Assets/Textures/Tiles/Topdown/Fire/Fire3_Sprite.uasset" 494
"../../../../../Game Project/Bored Pixels Jam 8/Engine Files/Pistro/Content/Assets/Textures/Tiles/Topdown/Fire/Fire2.uasset" 495
"../../../../../Game Project/Bored Pixels Jam 8/Engine Files/Pistro/Content/Assets/Textures/Tiles/Topdown/Fire/Fire2_Sprite.uasset" 496
"../../../../../Game Project/Bored Pixels Jam 8/Engine Files/Pistro/Content/Assets/Textures/Flipbooks/FL_Fire.uasset" 497
"../../../../../Game Project/Bored Pixels Jam 8/Engine Files/Pistro/Content/Assets/Textures/Sprites/Adventurer/AdIdle3.uasset" 498
"../../../../../Game Project/Bored Pixels Jam 8/Engine Files/Pistro/Content/Assets/Textures/Sprites/Adventurer/AdIdle3_Sprite.uasset" 499
"../../../../../Game Project/Bored Pixels Jam 8/Engine Files/Pistro/Content/Assets/Textures/Sprites/Adventurer/AdIdle2.uasset" 500
"../../../../../Game Project/Bored Pixels Jam 8/Engine Files/Pistro/Content/Assets/Textures/Sprites/Adventurer/AdIdle2_Sprite.uasset" 501
"../../../../../Game Project/Bored Pixels Jam 8/Engine Files/Pistro/Content/Assets/Textures/Sprites/Adventurer/AdIdle1.uasset" 502
"../../../../../Game Project/Bored Pixels Jam 8/Engine Files/Pistro/Content/Assets/Textures/Sprites/Adventurer/AdIdle1_Sprite.uasset" 503
"../../../../../Game Project/Bored Pixels Jam 8/Engine Files/Pistro/Content/Assets/Textures/Flipbooks/FL_AdIdle.uasset" 504
"../../../../../Game Project/Bored Pixels Jam 8/Engine Files/Pistro/Content/Maps/Level_4_BuiltData.uasset" 505
"../../../../../Game Project/Bored Pixels Jam 8/Engine Files/Pistro/Content/Assets/Textures/Sprites/Key/Key.uasset" 506
"../../../../../Game Project/Bored Pixels Jam 8/Engine Files/Pistro/Content/Assets/Textures/Sprites/Key/Key_Sprite_9.uasset" 507
"../../../../../Game Project/Bored Pixels Jam 8/Engine Files/Pistro/Content/Assets/Textures/Sprites/Key/Key_Sprite_8.uasset" 508
"../../../../../Game Project/Bored Pixels Jam 8/Engine Files/Pistro/Content/Assets/Textures/Sprites/Key/Key_Sprite_7.uasset" 509
"../../../../../Game Project/Bored Pixels Jam 8/Engine Files/Pistro/Content/Assets/Textures/Sprites/Key/Key_Sprite_6.uasset" 510
"../../../../../Game Project/Bored Pixels Jam 8/Engine Files/Pistro/Content/Assets/Textures/Sprites/Key/Key_Sprite_5.uasset" 511
"../../../../../Game Project/Bored Pixels Jam 8/Engine Files/Pistro/Content/Assets/Textures/Sprites/Key/Key_Sprite_4.uasset" 512
"../../../../../Game Project/Bored Pixels Jam 8/Engine Files/Pistro/Content/Assets/Textures/Sprites/Key/Key_Sprite_3.uasset" 513
"../../../../../Game Project/Bored Pixels Jam 8/Engine Files/Pistro/Content/Assets/Textures/Sprites/Key/Key_Sprite_2.uasset" 514
"../../../../../Game Project/Bored Pixels Jam 8/Engine Files/Pistro/Content/Assets/Textures/Sprites/Key/Key_Sprite_11.uasset" 515
"../../../../../Game Project/Bored Pixels Jam 8/Engine Files/Pistro/Content/Assets/Textures/Sprites/Key/Key_Sprite_10.uasset" 516
"../../../../../Game Project/Bored Pixels Jam 8/Engine Files/Pistro/Content/Assets/Textures/Sprites/Key/Key_Sprite_1.uasset" 517
"../../../../../Game Project/Bored Pixels Jam 8/Engine Files/Pistro/Content/Assets/Textures/Sprites/Key/Key_Sprite_0.uasset" 518
"../../../../../Game Project/Bored Pixels Jam 8/Engine Files/Pistro/Content/Assets/Textures/Flipbooks/FL_Key.uasset" 519
"../../../../../Game Project/Bored Pixels Jam 8/Engine Files/Pistro/Content/Assets/Blueprints/BP_Key.uasset" 520
"../../../../../Game Project/Bored Pixels Jam 8/Engine Files/Pistro/Content/Maps/Level_4.umap" 521
"../../../../../Game Project/Bored Pixels Jam 8/Engine Files/Pistro/Content/Widgets/BP_YouAreNotTheHero.uasset" 522
"../../../../../Game Project/Bored Pixels Jam 8/Engine Files/Pistro/Content/Widgets/Options_Button_Cropped/Soon_Hovered.uasset" 523
"../../../../../Game Project/Bored Pixels Jam 8/Engine Files/Pistro/Content/Widgets/Options_Button_Cropped/Soon.uasset" 524
"../../../../../Game Project/Bored Pixels Jam 8/Engine Files/Pistro/Content/Widgets/Options_Button_Cropped/Don_t_need_Hovered.uasset" 525
"../../../../../Game Project/Bored Pixels Jam 8/Engine Files/Pistro/Content/Widgets/Options_Button_Cropped/Don_t_need.uasset" 526
"../../../../../Game Project/Bored Pixels Jam 8/Engine Files/Pistro/Content/Widgets/Options_Button_Cropped/Already_Have_Hovered.uasset" 527
"../../../../../Game Project/Bored Pixels Jam 8/Engine Files/Pistro/Content/Widgets/Options_Button_Cropped/Already_Have.uasset" 528
"../../../../../Game Project/Bored Pixels Jam 8/Engine Files/Pistro/Content/Widgets/Options_Button_Cropped/Menu_Hovered.uasset" 529
"../../../../../Game Project/Bored Pixels Jam 8/Engine Files/Pistro/Content/Widgets/Options_Button_Cropped/Menu.uasset" 530
"../../../../../Game Project/Bored Pixels Jam 8/Engine Files/Pistro/Content/Widgets/BP_Soon.uasset" 531
"../../../../../Game Project/Bored Pixels Jam 8/Engine Files/Pistro/Content/Widgets/BP_NoNeed.uasset" 532
"../../../../../Game Project/Bored Pixels Jam 8/Engine Files/Pistro/Content/Widgets/BP_AlreadyHave.uasset" 533
"../../../../../Game Project/Bored Pixels Jam 8/Engine Files/Pistro/Content/Widgets/BP_QuesToPlayer.uasset" 534
"../../../../../Game Project/Bored Pixels Jam 8/Engine Files/Pistro/Content/Assets/Textures/Sprites/IronGate/IronGate.uasset" 535
"../../../../../Game Project/Bored Pixels Jam 8/Engine Files/Pistro/Content/Assets/Textures/Sprites/IronGate/IronGate_TileSet.uasset" 536
"../../../../../Game Project/Bored Pixels Jam 8/Engine Files/Pistro/Content/Assets/Textures/Tiles/Tilemaps/Level5_TileMap.uasset" 537
"../../../../../Game Project/Bored Pixels Jam 8/Engine Files/Pistro/Content/Assets/Textures/Sprites/Princess/Princess.uasset" 538
"../../../../../Game Project/Bored Pixels Jam 8/Engine Files/Pistro/Content/Assets/Textures/Sprites/Princess/Princess_Sprite.uasset" 539
"../../../../../Game Project/Bored Pixels Jam 8/Engine Files/Pistro/Content/Assets/Textures/Sprites/Heart/Heart.uasset" 540
"../../../../../Game Project/Bored Pixels Jam 8/Engine Files/Pistro/Content/Assets/Textures/Sprites/Heart/Heart_Sprite.uasset" 541
"../../../../../Game Project/Bored Pixels Jam 8/Engine Files/Pistro/Content/Assets/Sounds/Romantic_Music.uasset" 542
"../../../../../Game Project/Bored Pixels Jam 8/Engine Files/Pistro/Content/Assets/Sounds/Gate_Closing.uasset" 543
"../../../../../Game Project/Bored Pixels Jam 8/Engine Files/Pistro/Content/Assets/Sounds/Dangour_Sound.uasset" 544
"../../../../../Game Project/Bored Pixels Jam 8/Engine Files/Pistro/Content/Maps/Level_5_BuiltData.uasset" 545
"../../../../../Game Project/Bored Pixels Jam 8/Engine Files/Pistro/Content/Widgets/BP_Tips1.uasset" 546
"../../../Engine/Content/BasicShapes/Cube.uasset" 547
"../../../../../Game Project/Bored Pixels Jam 8/Engine Files/Pistro/Content/Assets/Blueprints/BP_BlockingCube.uasset" 548
"../../../../../Game Project/Bored Pixels Jam 8/Engine Files/Pistro/Content/Widgets/BP_MissionFailed2.uasset" 549
"../../../../../Game Project/Bored Pixels Jam 8/Engine Files/Pistro/Content/Assets/Blueprints/BP_Goblin.uasset" 550
"../../../../../Game Project/Bored Pixels Jam 8/Engine Files/Pistro/Content/Maps/Level_5.umap" 551
"../../../../../Game Project/Bored Pixels Jam 8/Engine Files/Pistro/Content/Widgets/MainMenu/Start_Hovered.uasset" 552
"../../../../../Game Project/Bored Pixels Jam 8/Engine Files/Pistro/Content/Widgets/MainMenu/Start.uasset" 553
"../../../../../Game Project/Bored Pixels Jam 8/Engine Files/Pistro/Content/Widgets/MainMenu/Quit_Hovered.uasset" 554
"../../../../../Game Project/Bored Pixels Jam 8/Engine Files/Pistro/Content/Widgets/MainMenu/Quit.uasset" 555
"../../../../../Game Project/Bored Pixels Jam 8/Engine Files/Pistro/Content/Widgets/MainMenu/Credits_Hovered.uasset" 556
"../../../../../Game Project/Bored Pixels Jam 8/Engine Files/Pistro/Content/Widgets/MainMenu/Credits_Button.uasset" 557
"../../../../../Game Project/Bored Pixels Jam 8/Engine Files/Pistro/Content/Widgets/MainMenu/Credits.uasset" 558
"../../../../../Game Project/Bored Pixels Jam 8/Engine Files/Pistro/Content/Widgets/MainMenu/BP_Credits.uasset" 559
"../../../../../Game Project/Bored Pixels Jam 8/Engine Files/Pistro/Content/Widgets/MainMenu/BP_MainMenu.uasset" 560
"../../../../../Game Project/Bored Pixels Jam 8/Engine Files/Pistro/Content/Maps/MainMenuMap.umap" 561
"../../../../../Game Project/Bored Pixels Jam 8/Engine Files/Pistro/Content/Widgets/GoblinDialogue/Goblin_1.uasset" 562
"../../../../../Game Project/Bored Pixels Jam 8/Engine Files/Pistro/Content/Maps/TestMap_BuiltData.uasset" 563
"../../../../../Game Project/Bored Pixels Jam 8/Engine Files/Pistro/Content/Maps/TestMap.umap" 564
"../../../Engine/Content/MapTemplates/T_ScreenDirt02_w.uasset" 565
"../../../Engine/Content/MapTemplates/Bokeh_5Sides.uasset" 566
"../../../../../Game Project/Bored Pixels Jam 8/Engine Files/Pistro/Content/2DSideScrollerBP/Maps/2DSideScrollerExampleMap_BuiltData.uasset" 567
"../../../../../Game Project/Bored Pixels Jam 8/Engine Files/Pistro/Content/2dSideScroller/Textures/2DCharacter_RunAnimAtlas.uasset" 568
"../../../../../Game Project/Bored Pixels Jam 8/Engine Files/Pistro/Content/2dSideScroller/Sprites/RunFrames/RunCycle_9.uasset" 569
"../../../../../Game Project/Bored Pixels Jam 8/Engine Files/Pistro/Content/2dSideScroller/Sprites/RunFrames/RunCycle_8.uasset" 570
"../../../../../Game Project/Bored Pixels Jam 8/Engine Files/Pistro/Content/2dSideScroller/Sprites/RunFrames/RunCycle_7.uasset" 571
"../../../../../Game Project/Bored Pixels Jam 8/Engine Files/Pistro/Content/2dSideScroller/Sprites/RunFrames/RunCycle_6.uasset" 572
"../../../../../Game Project/Bored Pixels Jam 8/Engine Files/Pistro/Content/2dSideScroller/Sprites/RunFrames/RunCycle_5.uasset" 573
"../../../../../Game Project/Bored Pixels Jam 8/Engine Files/Pistro/Content/2dSideScroller/Sprites/RunFrames/RunCycle_4.uasset" 574
"../../../../../Game Project/Bored Pixels Jam 8/Engine Files/Pistro/Content/2dSideScroller/Sprites/RunFrames/RunCycle_3.uasset" 575
"../../../../../Game Project/Bored Pixels Jam 8/Engine Files/Pistro/Content/2dSideScroller/Sprites/RunFrames/RunCycle_2.uasset" 576
"../../../../../Game Project/Bored Pixels Jam 8/Engine Files/Pistro/Content/2dSideScroller/Sprites/RunFrames/RunCycle_16.uasset" 577
"../../../../../Game Project/Bored Pixels Jam 8/Engine Files/Pistro/Content/2dSideScroller/Sprites/RunFrames/RunCycle_15.uasset" 578
"../../../../../Game Project/Bored Pixels Jam 8/Engine Files/Pistro/Content/2dSideScroller/Sprites/RunFrames/RunCycle_14.uasset" 579
"../../../../../Game Project/Bored Pixels Jam 8/Engine Files/Pistro/Content/2dSideScroller/Sprites/RunFrames/RunCycle_13.uasset" 580
"../../../../../Game Project/Bored Pixels Jam 8/Engine Files/Pistro/Content/2dSideScroller/Sprites/RunFrames/RunCycle_12.uasset" 581
"../../../../../Game Project/Bored Pixels Jam 8/Engine Files/Pistro/Content/2dSideScroller/Sprites/RunFrames/RunCycle_11.uasset" 582
"../../../../../Game Project/Bored Pixels Jam 8/Engine Files/Pistro/Content/2dSideScroller/Sprites/RunFrames/RunCycle_10.uasset" 583
"../../../../../Game Project/Bored Pixels Jam 8/Engine Files/Pistro/Content/2dSideScroller/Sprites/RunFrames/RunCycle_1.uasset" 584
"../../../../../Game Project/Bored Pixels Jam 8/Engine Files/Pistro/Content/2DSideScroller/Sprites/RunningAnimation.uasset" 585
"../../../../../Game Project/Bored Pixels Jam 8/Engine Files/Pistro/Content/2dSideScroller/Textures/2DCharacter_IdleAnimAtlas.uasset" 586
"../../../../../Game Project/Bored Pixels Jam 8/Engine Files/Pistro/Content/2dSideScroller/Sprites/IdleFrames/IdleCycle8.uasset" 587
"../../../../../Game Project/Bored Pixels Jam 8/Engine Files/Pistro/Content/2dSideScroller/Sprites/IdleFrames/IdleCycle7.uasset" 588
"../../../../../Game Project/Bored Pixels Jam 8/Engine Files/Pistro/Content/2dSideScroller/Sprites/IdleFrames/IdleCycle6.uasset" 589
"../../../../../Game Project/Bored Pixels Jam 8/Engine Files/Pistro/Content/2dSideScroller/Sprites/IdleFrames/IdleCycle5.uasset" 590
"../../../../../Game Project/Bored Pixels Jam 8/Engine Files/Pistro/Content/2dSideScroller/Sprites/IdleFrames/IdleCycle4.uasset" 591
"../../../../../Game Project/Bored Pixels Jam 8/Engine Files/Pistro/Content/2dSideScroller/Sprites/IdleFrames/IdleCycle3.uasset" 592
"../../../../../Game Project/Bored Pixels Jam 8/Engine Files/Pistro/Content/2dSideScroller/Sprites/IdleFrames/IdleCycle2.uasset" 593
"../../../../../Game Project/Bored Pixels Jam 8/Engine Files/Pistro/Content/2dSideScroller/Sprites/IdleFrames/IdleCycle1.uasset" 594
"../../../../../Game Project/Bored Pixels Jam 8/Engine Files/Pistro/Content/2DSideScroller/Sprites/IdleAnimation.uasset" 595
"../../../../../Game Project/Bored Pixels Jam 8/Engine Files/Pistro/Content/2DSideScrollerBP/Blueprints/2DSideScrollerCharacter.uasset" 596
"../../../../../Game Project/Bored Pixels Jam 8/Engine Files/Pistro/Content/2DSideScrollerBP/Blueprints/2DSideScrollerGameMode.uasset" 597
"../../../../../Game Project/Bored Pixels Jam 8/Engine Files/Pistro/Content/2dSideScroller/Textures/2DBackgroundBlockAtlas.uasset" 598
"../../../../../Game Project/Bored Pixels Jam 8/Engine Files/Pistro/Content/2DSideScroller/Sprites/Ledge.uasset" 599
"../../../../../Game Project/Bored Pixels Jam 8/Engine Files/Pistro/Content/2dSideScroller/Textures/2DBackground.uasset" 600
"../../Plugins/2D/Paper2D/Content/OpaqueUnlitSpriteMaterial.uasset" 601
"../../../../../Game Project/Bored Pixels Jam 8/Engine Files/Pistro/Content/2DSideScroller/Sprites/Background_Sprite.uasset" 602
"../../../../../Game Project/Bored Pixels Jam 8/Engine Files/Pistro/Content/2DSideScrollerBP/Maps/2DSideScrollerExampleMap.umap" 603
"../../../Engine/Content/Maps/Entry_BuiltData.uasset" 604
"../../../Engine/Content/Maps/Entry.umap" 605
